[Thu Feb 23 18:23:00.317665 2023] [ssl:warn] [pid 8208:tid 436] AH01909: www.example.com:443:0 server certificate does NOT include an ID which matches the server name
[Thu Feb 23 18:23:00.362546 2023] [ssl:warn] [pid 8208:tid 436] AH01909: www.example.com:443:0 server certificate does NOT include an ID which matches the server name
[Thu Feb 23 18:23:00.413434 2023] [mpm_winnt:notice] [pid 8208:tid 436] AH00455: Apache/2.4.54 (Win64) OpenSSL/1.1.1p PHP/8.2.0 configured -- resuming normal operations
[Thu Feb 23 18:23:00.413434 2023] [mpm_winnt:notice] [pid 8208:tid 436] AH00456: Apache Lounge VS16 Server built: Jun 22 2022 09:58:15
[Thu Feb 23 18:23:00.413434 2023] [core:notice] [pid 8208:tid 436] AH00094: Command line: 'c:\\comision52dh\\digitalhouse\\modulo6\\contenidodigitalhouseclase34\\xampp\\apache\\bin\\httpd.exe -d C:/comision52DH/digitalHouse/modulo6/contenidoDigitalHouseClase34/XAMPP/apache'
[Thu Feb 23 18:23:00.418395 2023] [mpm_winnt:notice] [pid 8208:tid 436] AH00418: Parent: Created child process 3048
[Thu Feb 23 18:23:00.920083 2023] [ssl:warn] [pid 3048:tid 440] AH01909: www.example.com:443:0 server certificate does NOT include an ID which matches the server name
[Thu Feb 23 18:23:00.961943 2023] [ssl:warn] [pid 3048:tid 440] AH01909: www.example.com:443:0 server certificate does NOT include an ID which matches the server name
[Thu Feb 23 18:23:01.002834 2023] [mpm_winnt:notice] [pid 3048:tid 440] AH00354: Child: Starting 150 worker threads.
[Tue Feb 28 21:07:15.874110 2023] [ssl:warn] [pid 14164:tid 408] AH01909: www.example.com:443:0 server certificate does NOT include an ID which matches the server name
[Tue Feb 28 21:07:15.915998 2023] [core:warn] [pid 14164:tid 408] AH00098: pid file C:/comision52DH/digitalHouse/modulo6/contenidoDigitalHouseClase34/XAMPP/apache/logs/httpd.pid overwritten -- Unclean shutdown of previous Apache run?
[Tue Feb 28 21:07:15.918992 2023] [ssl:warn] [pid 14164:tid 408] AH01909: www.example.com:443:0 server certificate does NOT include an ID which matches the server name
[Tue Feb 28 21:07:16.193572 2023] [mpm_winnt:notice] [pid 14164:tid 408] AH00455: Apache/2.4.54 (Win64) OpenSSL/1.1.1p PHP/8.2.0 configured -- resuming normal operations
[Tue Feb 28 21:07:16.193572 2023] [mpm_winnt:notice] [pid 14164:tid 408] AH00456: Apache Lounge VS16 Server built: Jun 22 2022 09:58:15
[Tue Feb 28 21:07:16.193572 2023] [core:notice] [pid 14164:tid 408] AH00094: Command line: 'c:\\comision52dh\\digitalhouse\\modulo6\\contenidodigitalhouseclase34\\xampp\\apache\\bin\\httpd.exe -d C:/comision52DH/digitalHouse/modulo6/contenidoDigitalHouseClase34/XAMPP/apache'
[Tue Feb 28 21:07:16.197562 2023] [mpm_winnt:notice] [pid 14164:tid 408] AH00418: Parent: Created child process 15076
[Tue Feb 28 21:07:16.684770 2023] [ssl:warn] [pid 15076:tid 452] AH01909: www.example.com:443:0 server certificate does NOT include an ID which matches the server name
[Tue Feb 28 21:07:16.723694 2023] [ssl:warn] [pid 15076:tid 452] AH01909: www.example.com:443:0 server certificate does NOT include an ID which matches the server name
[Tue Feb 28 21:07:16.761588 2023] [mpm_winnt:notice] [pid 15076:tid 452] AH00354: Child: Starting 150 worker threads.
[Thu Mar 09 20:08:32.710117 2023] [ssl:warn] [pid 2172:tid 408] AH01909: www.example.com:443:0 server certificate does NOT include an ID which matches the server name
[Thu Mar 09 20:08:32.767627 2023] [core:warn] [pid 2172:tid 408] AH00098: pid file C:/comision52DH/digitalHouse/modulo6/contenidoDigitalHouseClase34/XAMPP/apache/logs/httpd.pid overwritten -- Unclean shutdown of previous Apache run?
[Thu Mar 09 20:08:32.770879 2023] [ssl:warn] [pid 2172:tid 408] AH01909: www.example.com:443:0 server certificate does NOT include an ID which matches the server name
[Thu Mar 09 20:08:33.119147 2023] [mpm_winnt:notice] [pid 2172:tid 408] AH00455: Apache/2.4.54 (Win64) OpenSSL/1.1.1p PHP/8.2.0 configured -- resuming normal operations
[Thu Mar 09 20:08:33.119147 2023] [mpm_winnt:notice] [pid 2172:tid 408] AH00456: Apache Lounge VS16 Server built: Jun 22 2022 09:58:15
[Thu Mar 09 20:08:33.119147 2023] [core:notice] [pid 2172:tid 408] AH00094: Command line: 'c:\\comision52dh\\digitalhouse\\modulo6\\contenidodigitalhouseclase34\\xampp\\apache\\bin\\httpd.exe -d C:/comision52DH/digitalHouse/modulo6/contenidoDigitalHouseClase34/XAMPP/apache'
[Thu Mar 09 20:08:33.123137 2023] [mpm_winnt:notice] [pid 2172:tid 408] AH00418: Parent: Created child process 6932
[Thu Mar 09 20:08:33.937977 2023] [ssl:warn] [pid 6932:tid 412] AH01909: www.example.com:443:0 server certificate does NOT include an ID which matches the server name
[Thu Mar 09 20:08:33.989838 2023] [ssl:warn] [pid 6932:tid 412] AH01909: www.example.com:443:0 server certificate does NOT include an ID which matches the server name
[Thu Mar 09 20:08:34.043693 2023] [mpm_winnt:notice] [pid 6932:tid 412] AH00354: Child: Starting 150 worker threads.
[Thu Mar 09 20:56:44.222769 2023] [ssl:warn] [pid 11612:tid 412] AH01909: www.example.com:443:0 server certificate does NOT include an ID which matches the server name
[Thu Mar 09 20:56:44.260056 2023] [core:warn] [pid 11612:tid 412] AH00098: pid file C:/comision52DH/digitalHouse/modulo6/contenidoDigitalHouseClase34/XAMPP/apache/logs/httpd.pid overwritten -- Unclean shutdown of previous Apache run?
[Thu Mar 09 20:56:44.262050 2023] [ssl:warn] [pid 11612:tid 412] AH01909: www.example.com:443:0 server certificate does NOT include an ID which matches the server name
[Thu Mar 09 20:56:44.299974 2023] [mpm_winnt:notice] [pid 11612:tid 412] AH00455: Apache/2.4.54 (Win64) OpenSSL/1.1.1p PHP/8.2.0 configured -- resuming normal operations
[Thu Mar 09 20:56:44.299974 2023] [mpm_winnt:notice] [pid 11612:tid 412] AH00456: Apache Lounge VS16 Server built: Jun 22 2022 09:58:15
[Thu Mar 09 20:56:44.299974 2023] [core:notice] [pid 11612:tid 412] AH00094: Command line: 'c:\\comision52dh\\digitalhouse\\modulo6\\contenidodigitalhouseclase34\\xampp\\apache\\bin\\httpd.exe -d C:/comision52DH/digitalHouse/modulo6/contenidoDigitalHouseClase34/XAMPP/apache'
[Thu Mar 09 20:56:44.303938 2023] [mpm_winnt:notice] [pid 11612:tid 412] AH00418: Parent: Created child process 7036
[Thu Mar 09 20:56:44.682176 2023] [ssl:warn] [pid 7036:tid 412] AH01909: www.example.com:443:0 server certificate does NOT include an ID which matches the server name
[Thu Mar 09 20:56:44.720074 2023] [ssl:warn] [pid 7036:tid 412] AH01909: www.example.com:443:0 server certificate does NOT include an ID which matches the server name
[Thu Mar 09 20:56:44.760965 2023] [mpm_winnt:notice] [pid 7036:tid 412] AH00354: Child: Starting 150 worker threads.
[Thu Mar 09 21:24:37.981171 2023] [ssl:warn] [pid 5540:tid 408] AH01909: www.example.com:443:0 server certificate does NOT include an ID which matches the server name
[Thu Mar 09 21:24:38.019050 2023] [core:warn] [pid 5540:tid 408] AH00098: pid file C:/comision52DH/digitalHouse/modulo6/contenidoDigitalHouseClase34/XAMPP/apache/logs/httpd.pid overwritten -- Unclean shutdown of previous Apache run?
[Thu Mar 09 21:24:38.022042 2023] [ssl:warn] [pid 5540:tid 408] AH01909: www.example.com:443:0 server certificate does NOT include an ID which matches the server name
[Thu Mar 09 21:24:38.059942 2023] [mpm_winnt:notice] [pid 5540:tid 408] AH00455: Apache/2.4.54 (Win64) OpenSSL/1.1.1p PHP/8.2.0 configured -- resuming normal operations
[Thu Mar 09 21:24:38.059942 2023] [mpm_winnt:notice] [pid 5540:tid 408] AH00456: Apache Lounge VS16 Server built: Jun 22 2022 09:58:15
[Thu Mar 09 21:24:38.059942 2023] [core:notice] [pid 5540:tid 408] AH00094: Command line: 'c:\\comision52dh\\digitalhouse\\modulo6\\contenidodigitalhouseclase34\\xampp\\apache\\bin\\httpd.exe -d C:/comision52DH/digitalHouse/modulo6/contenidoDigitalHouseClase34/XAMPP/apache'
[Thu Mar 09 21:24:38.062934 2023] [mpm_winnt:notice] [pid 5540:tid 408] AH00418: Parent: Created child process 15544
[Thu Mar 09 21:24:38.535827 2023] [ssl:warn] [pid 15544:tid 412] AH01909: www.example.com:443:0 server certificate does NOT include an ID which matches the server name
[Thu Mar 09 21:24:38.573720 2023] [ssl:warn] [pid 15544:tid 412] AH01909: www.example.com:443:0 server certificate does NOT include an ID which matches the server name
[Thu Mar 09 21:24:38.612587 2023] [mpm_winnt:notice] [pid 15544:tid 412] AH00354: Child: Starting 150 worker threads.
[Tue Mar 14 19:30:06.538448 2023] [ssl:warn] [pid 7564:tid 412] AH01909: www.example.com:443:0 server certificate does NOT include an ID which matches the server name
[Tue Mar 14 19:30:06.577776 2023] [core:warn] [pid 7564:tid 412] AH00098: pid file C:/comision52DH/digitalHouse/modulo6/contenidoDigitalHouseClase34/XAMPP/apache/logs/httpd.pid overwritten -- Unclean shutdown of previous Apache run?
[Tue Mar 14 19:30:06.580744 2023] [ssl:warn] [pid 7564:tid 412] AH01909: www.example.com:443:0 server certificate does NOT include an ID which matches the server name
[Tue Mar 14 19:30:06.865778 2023] [mpm_winnt:notice] [pid 7564:tid 412] AH00455: Apache/2.4.54 (Win64) OpenSSL/1.1.1p PHP/8.2.0 configured -- resuming normal operations
[Tue Mar 14 19:30:06.865778 2023] [mpm_winnt:notice] [pid 7564:tid 412] AH00456: Apache Lounge VS16 Server built: Jun 22 2022 09:58:15
[Tue Mar 14 19:30:06.865778 2023] [core:notice] [pid 7564:tid 412] AH00094: Command line: 'c:\\comision52dh\\digitalhouse\\modulo6\\contenidodigitalhouseclase34\\xampp\\apache\\bin\\httpd.exe -d C:/comision52DH/digitalHouse/modulo6/contenidoDigitalHouseClase34/XAMPP/apache'
[Tue Mar 14 19:30:06.870974 2023] [mpm_winnt:notice] [pid 7564:tid 412] AH00418: Parent: Created child process 9736
[Tue Mar 14 19:30:07.280497 2023] [ssl:warn] [pid 9736:tid 416] AH01909: www.example.com:443:0 server certificate does NOT include an ID which matches the server name
[Tue Mar 14 19:30:07.319007 2023] [ssl:warn] [pid 9736:tid 416] AH01909: www.example.com:443:0 server certificate does NOT include an ID which matches the server name
[Tue Mar 14 19:30:07.358937 2023] [mpm_winnt:notice] [pid 9736:tid 416] AH00354: Child: Starting 150 worker threads.
[Tue Mar 21 20:30:30.014758 2023] [ssl:warn] [pid 14848:tid 408] AH01909: www.example.com:443:0 server certificate does NOT include an ID which matches the server name
[Tue Mar 21 20:30:30.055650 2023] [core:warn] [pid 14848:tid 408] AH00098: pid file C:/comision52DH/digitalHouse/modulo6/contenidoDigitalHouseClase34/XAMPP/apache/logs/httpd.pid overwritten -- Unclean shutdown of previous Apache run?
[Tue Mar 21 20:30:30.058642 2023] [ssl:warn] [pid 14848:tid 408] AH01909: www.example.com:443:0 server certificate does NOT include an ID which matches the server name
[Tue Mar 21 20:30:30.355039 2023] [mpm_winnt:notice] [pid 14848:tid 408] AH00455: Apache/2.4.54 (Win64) OpenSSL/1.1.1p PHP/8.2.0 configured -- resuming normal operations
[Tue Mar 21 20:30:30.355039 2023] [mpm_winnt:notice] [pid 14848:tid 408] AH00456: Apache Lounge VS16 Server built: Jun 22 2022 09:58:15
[Tue Mar 21 20:30:30.355039 2023] [core:notice] [pid 14848:tid 408] AH00094: Command line: 'c:\\comision52dh\\digitalhouse\\modulo6\\contenidodigitalhouseclase34\\xampp\\apache\\bin\\httpd.exe -d C:/comision52DH/digitalHouse/modulo6/contenidoDigitalHouseClase34/XAMPP/apache'
[Tue Mar 21 20:30:30.359057 2023] [mpm_winnt:notice] [pid 14848:tid 408] AH00418: Parent: Created child process 15016
[Tue Mar 21 20:30:30.753641 2023] [ssl:warn] [pid 15016:tid 412] AH01909: www.example.com:443:0 server certificate does NOT include an ID which matches the server name
[Tue Mar 21 20:30:30.791540 2023] [ssl:warn] [pid 15016:tid 412] AH01909: www.example.com:443:0 server certificate does NOT include an ID which matches the server name
[Tue Mar 21 20:30:30.830435 2023] [mpm_winnt:notice] [pid 15016:tid 412] AH00354: Child: Starting 150 worker threads.
[Thu Mar 23 19:29:00.693041 2023] [ssl:warn] [pid 7228:tid 404] AH01909: www.example.com:443:0 server certificate does NOT include an ID which matches the server name
[Thu Mar 23 19:29:00.733933 2023] [core:warn] [pid 7228:tid 404] AH00098: pid file C:/comision52DH/digitalHouse/modulo6/contenidoDigitalHouseClase34/XAMPP/apache/logs/httpd.pid overwritten -- Unclean shutdown of previous Apache run?
[Thu Mar 23 19:29:00.736924 2023] [ssl:warn] [pid 7228:tid 404] AH01909: www.example.com:443:0 server certificate does NOT include an ID which matches the server name
[Thu Mar 23 19:29:01.032239 2023] [mpm_winnt:notice] [pid 7228:tid 404] AH00455: Apache/2.4.54 (Win64) OpenSSL/1.1.1p PHP/8.2.0 configured -- resuming normal operations
[Thu Mar 23 19:29:01.033236 2023] [mpm_winnt:notice] [pid 7228:tid 404] AH00456: Apache Lounge VS16 Server built: Jun 22 2022 09:58:15
[Thu Mar 23 19:29:01.033236 2023] [core:notice] [pid 7228:tid 404] AH00094: Command line: 'c:\\comision52dh\\digitalhouse\\modulo6\\contenidodigitalhouseclase34\\xampp\\apache\\bin\\httpd.exe -d C:/comision52DH/digitalHouse/modulo6/contenidoDigitalHouseClase34/XAMPP/apache'
[Thu Mar 23 19:29:01.037251 2023] [mpm_winnt:notice] [pid 7228:tid 404] AH00418: Parent: Created child process 1068
[Thu Mar 23 19:29:01.437156 2023] [ssl:warn] [pid 1068:tid 424] AH01909: www.example.com:443:0 server certificate does NOT include an ID which matches the server name
[Thu Mar 23 19:29:01.488529 2023] [ssl:warn] [pid 1068:tid 424] AH01909: www.example.com:443:0 server certificate does NOT include an ID which matches the server name
[Thu Mar 23 19:29:01.552463 2023] [mpm_winnt:notice] [pid 1068:tid 424] AH00354: Child: Starting 150 worker threads.
[Tue Mar 28 19:27:28.688040 2023] [ssl:warn] [pid 14892:tid 404] AH01909: www.example.com:443:0 server certificate does NOT include an ID which matches the server name
[Tue Mar 28 19:27:28.731432 2023] [core:warn] [pid 14892:tid 404] AH00098: pid file C:/comision52DH/digitalHouse/modulo6/contenidoDigitalHouseClase34/XAMPP/apache/logs/httpd.pid overwritten -- Unclean shutdown of previous Apache run?
[Tue Mar 28 19:27:28.733427 2023] [ssl:warn] [pid 14892:tid 404] AH01909: www.example.com:443:0 server certificate does NOT include an ID which matches the server name
[Tue Mar 28 19:27:29.029646 2023] [mpm_winnt:notice] [pid 14892:tid 404] AH00455: Apache/2.4.54 (Win64) OpenSSL/1.1.1p PHP/8.2.0 configured -- resuming normal operations
[Tue Mar 28 19:27:29.029646 2023] [mpm_winnt:notice] [pid 14892:tid 404] AH00456: Apache Lounge VS16 Server built: Jun 22 2022 09:58:15
[Tue Mar 28 19:27:29.029646 2023] [core:notice] [pid 14892:tid 404] AH00094: Command line: 'c:\\comision52dh\\digitalhouse\\modulo6\\contenidodigitalhouseclase34\\xampp\\apache\\bin\\httpd.exe -d C:/comision52DH/digitalHouse/modulo6/contenidoDigitalHouseClase34/XAMPP/apache'
[Tue Mar 28 19:27:29.033636 2023] [mpm_winnt:notice] [pid 14892:tid 404] AH00418: Parent: Created child process 15100
[Tue Mar 28 19:27:29.540384 2023] [ssl:warn] [pid 15100:tid 408] AH01909: www.example.com:443:0 server certificate does NOT include an ID which matches the server name
[Tue Mar 28 19:27:29.580247 2023] [ssl:warn] [pid 15100:tid 408] AH01909: www.example.com:443:0 server certificate does NOT include an ID which matches the server name
[Tue Mar 28 19:27:29.622163 2023] [mpm_winnt:notice] [pid 15100:tid 408] AH00354: Child: Starting 150 worker threads.
[Thu Apr 06 15:08:18.542947 2023] [ssl:warn] [pid 11840:tid 404] AH01909: www.example.com:443:0 server certificate does NOT include an ID which matches the server name
[Thu Apr 06 15:08:18.583246 2023] [core:warn] [pid 11840:tid 404] AH00098: pid file C:/comision52DH/digitalHouse/modulo6/contenidoDigitalHouseClase34/XAMPP/apache/logs/httpd.pid overwritten -- Unclean shutdown of previous Apache run?
[Thu Apr 06 15:08:18.586211 2023] [ssl:warn] [pid 11840:tid 404] AH01909: www.example.com:443:0 server certificate does NOT include an ID which matches the server name
[Thu Apr 06 15:08:18.876558 2023] [mpm_winnt:notice] [pid 11840:tid 404] AH00455: Apache/2.4.54 (Win64) OpenSSL/1.1.1p PHP/8.2.0 configured -- resuming normal operations
[Thu Apr 06 15:08:18.876558 2023] [mpm_winnt:notice] [pid 11840:tid 404] AH00456: Apache Lounge VS16 Server built: Jun 22 2022 09:58:15
[Thu Apr 06 15:08:18.876558 2023] [core:notice] [pid 11840:tid 404] AH00094: Command line: 'c:\\comision52dh\\digitalhouse\\modulo6\\contenidodigitalhouseclase34\\xampp\\apache\\bin\\httpd.exe -d C:/comision52DH/digitalHouse/modulo6/contenidoDigitalHouseClase34/XAMPP/apache'
[Thu Apr 06 15:08:18.879550 2023] [mpm_winnt:notice] [pid 11840:tid 404] AH00418: Parent: Created child process 10248
[Thu Apr 06 15:08:19.373274 2023] [ssl:warn] [pid 10248:tid 408] AH01909: www.example.com:443:0 server certificate does NOT include an ID which matches the server name
[Thu Apr 06 15:08:19.409589 2023] [ssl:warn] [pid 10248:tid 408] AH01909: www.example.com:443:0 server certificate does NOT include an ID which matches the server name
[Thu Apr 06 15:08:19.447397 2023] [mpm_winnt:notice] [pid 10248:tid 408] AH00354: Child: Starting 150 worker threads.
[Thu Apr 06 17:15:49.076771 2023] [ssl:warn] [pid 14944:tid 404] AH01909: www.example.com:443:0 server certificate does NOT include an ID which matches the server name
[Thu Apr 06 17:15:49.116278 2023] [core:warn] [pid 14944:tid 404] AH00098: pid file C:/comision52DH/digitalHouse/modulo6/contenidoDigitalHouseClase34/XAMPP/apache/logs/httpd.pid overwritten -- Unclean shutdown of previous Apache run?
[Thu Apr 06 17:15:49.118965 2023] [ssl:warn] [pid 14944:tid 404] AH01909: www.example.com:443:0 server certificate does NOT include an ID which matches the server name
[Thu Apr 06 17:15:49.335254 2023] [mpm_winnt:notice] [pid 14944:tid 404] AH00455: Apache/2.4.54 (Win64) OpenSSL/1.1.1p PHP/8.2.0 configured -- resuming normal operations
[Thu Apr 06 17:15:49.335254 2023] [mpm_winnt:notice] [pid 14944:tid 404] AH00456: Apache Lounge VS16 Server built: Jun 22 2022 09:58:15
[Thu Apr 06 17:15:49.335254 2023] [core:notice] [pid 14944:tid 404] AH00094: Command line: 'c:\\comision52dh\\digitalhouse\\modulo6\\contenidodigitalhouseclase34\\xampp\\apache\\bin\\httpd.exe -d C:/comision52DH/digitalHouse/modulo6/contenidoDigitalHouseClase34/XAMPP/apache'
[Thu Apr 06 17:15:49.339243 2023] [mpm_winnt:notice] [pid 14944:tid 404] AH00418: Parent: Created child process 15328
[Thu Apr 06 17:15:49.715410 2023] [ssl:warn] [pid 15328:tid 408] AH01909: www.example.com:443:0 server certificate does NOT include an ID which matches the server name
[Thu Apr 06 17:15:49.754306 2023] [ssl:warn] [pid 15328:tid 408] AH01909: www.example.com:443:0 server certificate does NOT include an ID which matches the server name
[Thu Apr 06 17:15:49.795197 2023] [mpm_winnt:notice] [pid 15328:tid 408] AH00354: Child: Starting 150 worker threads.
[Sat Apr 08 19:09:50.498754 2023] [ssl:warn] [pid 4620:tid 408] AH01909: www.example.com:443:0 server certificate does NOT include an ID which matches the server name
[Sat Apr 08 19:09:50.536653 2023] [core:warn] [pid 4620:tid 408] AH00098: pid file C:/comision52DH/digitalHouse/modulo6/contenidoDigitalHouseClase34/XAMPP/apache/logs/httpd.pid overwritten -- Unclean shutdown of previous Apache run?
[Sat Apr 08 19:09:50.539645 2023] [ssl:warn] [pid 4620:tid 408] AH01909: www.example.com:443:0 server certificate does NOT include an ID which matches the server name
[Sat Apr 08 19:09:50.777296 2023] [mpm_winnt:notice] [pid 4620:tid 408] AH00455: Apache/2.4.54 (Win64) OpenSSL/1.1.1p PHP/8.2.0 configured -- resuming normal operations
[Sat Apr 08 19:09:50.777296 2023] [mpm_winnt:notice] [pid 4620:tid 408] AH00456: Apache Lounge VS16 Server built: Jun 22 2022 09:58:15
[Sat Apr 08 19:09:50.777296 2023] [core:notice] [pid 4620:tid 408] AH00094: Command line: 'c:\\comision52dh\\digitalhouse\\modulo6\\contenidodigitalhouseclase34\\xampp\\apache\\bin\\httpd.exe -d C:/comision52DH/digitalHouse/modulo6/contenidoDigitalHouseClase34/XAMPP/apache'
[Sat Apr 08 19:09:50.781285 2023] [mpm_winnt:notice] [pid 4620:tid 408] AH00418: Parent: Created child process 7724
[Sat Apr 08 19:09:51.170781 2023] [ssl:warn] [pid 7724:tid 408] AH01909: www.example.com:443:0 server certificate does NOT include an ID which matches the server name
[Sat Apr 08 19:09:51.212669 2023] [ssl:warn] [pid 7724:tid 408] AH01909: www.example.com:443:0 server certificate does NOT include an ID which matches the server name
[Sat Apr 08 19:09:51.251565 2023] [mpm_winnt:notice] [pid 7724:tid 408] AH00354: Child: Starting 150 worker threads.
[Sun Apr 09 21:13:57.061220 2023] [ssl:warn] [pid 2628:tid 404] AH01909: www.example.com:443:0 server certificate does NOT include an ID which matches the server name
[Sun Apr 09 21:13:57.102111 2023] [core:warn] [pid 2628:tid 404] AH00098: pid file C:/comision52DH/digitalHouse/modulo6/contenidoDigitalHouseClase34/XAMPP/apache/logs/httpd.pid overwritten -- Unclean shutdown of previous Apache run?
[Sun Apr 09 21:13:57.105102 2023] [ssl:warn] [pid 2628:tid 404] AH01909: www.example.com:443:0 server certificate does NOT include an ID which matches the server name
[Sun Apr 09 21:13:57.382361 2023] [mpm_winnt:notice] [pid 2628:tid 404] AH00455: Apache/2.4.54 (Win64) OpenSSL/1.1.1p PHP/8.2.0 configured -- resuming normal operations
[Sun Apr 09 21:13:57.382361 2023] [mpm_winnt:notice] [pid 2628:tid 404] AH00456: Apache Lounge VS16 Server built: Jun 22 2022 09:58:15
[Sun Apr 09 21:13:57.382361 2023] [core:notice] [pid 2628:tid 404] AH00094: Command line: 'c:\\comision52dh\\digitalhouse\\modulo6\\contenidodigitalhouseclase34\\xampp\\apache\\bin\\httpd.exe -d C:/comision52DH/digitalHouse/modulo6/contenidoDigitalHouseClase34/XAMPP/apache'
[Sun Apr 09 21:13:57.385352 2023] [mpm_winnt:notice] [pid 2628:tid 404] AH00418: Parent: Created child process 11152
[Sun Apr 09 21:13:57.904325 2023] [ssl:warn] [pid 11152:tid 408] AH01909: www.example.com:443:0 server certificate does NOT include an ID which matches the server name
[Sun Apr 09 21:13:57.986451 2023] [ssl:warn] [pid 11152:tid 408] AH01909: www.example.com:443:0 server certificate does NOT include an ID which matches the server name
[Sun Apr 09 21:13:58.025347 2023] [mpm_winnt:notice] [pid 11152:tid 408] AH00354: Child: Starting 150 worker threads.
[Mon Apr 10 13:08:47.022164 2023] [ssl:warn] [pid 7668:tid 408] AH01909: www.example.com:443:0 server certificate does NOT include an ID which matches the server name
[Mon Apr 10 13:08:47.061850 2023] [core:warn] [pid 7668:tid 408] AH00098: pid file C:/comision52DH/digitalHouse/modulo6/contenidoDigitalHouseClase34/XAMPP/apache/logs/httpd.pid overwritten -- Unclean shutdown of previous Apache run?
[Mon Apr 10 13:08:47.064842 2023] [ssl:warn] [pid 7668:tid 408] AH01909: www.example.com:443:0 server certificate does NOT include an ID which matches the server name
[Mon Apr 10 13:08:47.363799 2023] [mpm_winnt:notice] [pid 7668:tid 408] AH00455: Apache/2.4.54 (Win64) OpenSSL/1.1.1p PHP/8.2.0 configured -- resuming normal operations
[Mon Apr 10 13:08:47.363799 2023] [mpm_winnt:notice] [pid 7668:tid 408] AH00456: Apache Lounge VS16 Server built: Jun 22 2022 09:58:15
[Mon Apr 10 13:08:47.364797 2023] [core:notice] [pid 7668:tid 408] AH00094: Command line: 'c:\\comision52dh\\digitalhouse\\modulo6\\contenidodigitalhouseclase34\\xampp\\apache\\bin\\httpd.exe -d C:/comision52DH/digitalHouse/modulo6/contenidoDigitalHouseClase34/XAMPP/apache'
[Mon Apr 10 13:08:47.367789 2023] [mpm_winnt:notice] [pid 7668:tid 408] AH00418: Parent: Created child process 10372
[Mon Apr 10 13:08:47.756747 2023] [ssl:warn] [pid 10372:tid 408] AH01909: www.example.com:443:0 server certificate does NOT include an ID which matches the server name
[Mon Apr 10 13:08:47.795323 2023] [ssl:warn] [pid 10372:tid 408] AH01909: www.example.com:443:0 server certificate does NOT include an ID which matches the server name
[Mon Apr 10 13:08:47.833250 2023] [mpm_winnt:notice] [pid 10372:tid 408] AH00354: Child: Starting 150 worker threads.
[Mon Apr 10 15:06:40.189491 2023] [mpm_winnt:crit] [pid 10372:tid 408] AH02538: Child: Parent process exited abruptly. Child process is ending
[Tue Apr 11 12:02:05.044703 2023] [ssl:warn] [pid 10208:tid 404] AH01909: www.example.com:443:0 server certificate does NOT include an ID which matches the server name
[Tue Apr 11 12:02:05.078971 2023] [core:warn] [pid 10208:tid 404] AH00098: pid file C:/comision52DH/digitalHouse/modulo6/contenidoDigitalHouseClase34/XAMPP/apache/logs/httpd.pid overwritten -- Unclean shutdown of previous Apache run?
[Tue Apr 11 12:02:05.081965 2023] [ssl:warn] [pid 10208:tid 404] AH01909: www.example.com:443:0 server certificate does NOT include an ID which matches the server name
[Tue Apr 11 12:02:05.311154 2023] [mpm_winnt:notice] [pid 10208:tid 404] AH00455: Apache/2.4.54 (Win64) OpenSSL/1.1.1p PHP/8.2.0 configured -- resuming normal operations
[Tue Apr 11 12:02:05.311154 2023] [mpm_winnt:notice] [pid 10208:tid 404] AH00456: Apache Lounge VS16 Server built: Jun 22 2022 09:58:15
[Tue Apr 11 12:02:05.311154 2023] [core:notice] [pid 10208:tid 404] AH00094: Command line: 'c:\\comision52dh\\digitalhouse\\modulo6\\contenidodigitalhouseclase34\\xampp\\apache\\bin\\httpd.exe -d C:/comision52DH/digitalHouse/modulo6/contenidoDigitalHouseClase34/XAMPP/apache'
[Tue Apr 11 12:02:05.314146 2023] [mpm_winnt:notice] [pid 10208:tid 404] AH00418: Parent: Created child process 9028
[Tue Apr 11 12:02:05.790573 2023] [ssl:warn] [pid 9028:tid 416] AH01909: www.example.com:443:0 server certificate does NOT include an ID which matches the server name
[Tue Apr 11 12:02:05.829460 2023] [ssl:warn] [pid 9028:tid 416] AH01909: www.example.com:443:0 server certificate does NOT include an ID which matches the server name
[Tue Apr 11 12:02:05.869216 2023] [mpm_winnt:notice] [pid 9028:tid 416] AH00354: Child: Starting 150 worker threads.
[Tue Apr 11 20:44:58.574916 2023] [ssl:warn] [pid 17220:tid 412] AH01909: www.example.com:443:0 server certificate does NOT include an ID which matches the server name
[Tue Apr 11 20:44:58.613812 2023] [core:warn] [pid 17220:tid 412] AH00098: pid file C:/comision52DH/digitalHouse/modulo6/contenidoDigitalHouseClase34/XAMPP/apache/logs/httpd.pid overwritten -- Unclean shutdown of previous Apache run?
[Tue Apr 11 20:44:58.616804 2023] [ssl:warn] [pid 17220:tid 412] AH01909: www.example.com:443:0 server certificate does NOT include an ID which matches the server name
[Tue Apr 11 20:44:58.841204 2023] [mpm_winnt:notice] [pid 17220:tid 412] AH00455: Apache/2.4.54 (Win64) OpenSSL/1.1.1p PHP/8.2.0 configured -- resuming normal operations
[Tue Apr 11 20:44:58.841204 2023] [mpm_winnt:notice] [pid 17220:tid 412] AH00456: Apache Lounge VS16 Server built: Jun 22 2022 09:58:15
[Tue Apr 11 20:44:58.841204 2023] [core:notice] [pid 17220:tid 412] AH00094: Command line: 'c:\\comision52dh\\digitalhouse\\modulo6\\contenidodigitalhouseclase34\\xampp\\apache\\bin\\httpd.exe -d C:/comision52DH/digitalHouse/modulo6/contenidoDigitalHouseClase34/XAMPP/apache'
[Tue Apr 11 20:44:58.845193 2023] [mpm_winnt:notice] [pid 17220:tid 412] AH00418: Parent: Created child process 3984
[Tue Apr 11 20:44:59.248671 2023] [ssl:warn] [pid 3984:tid 408] AH01909: www.example.com:443:0 server certificate does NOT include an ID which matches the server name
[Tue Apr 11 20:44:59.287567 2023] [ssl:warn] [pid 3984:tid 408] AH01909: www.example.com:443:0 server certificate does NOT include an ID which matches the server name
[Tue Apr 11 20:44:59.326463 2023] [mpm_winnt:notice] [pid 3984:tid 408] AH00354: Child: Starting 150 worker threads.
[Tue Apr 11 21:11:52.636167 2023] [mpm_winnt:crit] [pid 3984:tid 408] AH02538: Child: Parent process exited abruptly. Child process is ending
